app/build/outputs/logs/manifest-merger-release-report.txt
-- Merging decision tree log ---
manifest
ADDED from src/main/AndroidManifest.xml:2:1-59:12
	package
		ADDED from src/main/AndroidManifest.xml:3:5-39
		INJECTED from src/main/AndroidManifest.xml
		INJECTED from src/main/AndroidManifest.xml
	android:versionName
		ADDED from src/main/AndroidManifest.xml:5:5-30
		INJECTED from src/main/AndroidManifest.xml
		INJECTED from src/main/AndroidManifest.xml
	android:versionCode
		ADDED from src/main/AndroidManifest.xml:4:5-28
		INJECTED from src/main/AndroidManifest.xml
		INJECTED from src/main/AndroidManifest.xml
	xmlns:android
		ADDED from src/main/AndroidManifest.xml:2:11-69
uses-sdk
ADDED from src/main/AndroidManifest.xml:7:5-9:41
	android:targetSdkVersion
		ADDED from src/main/AndroidManifest.xml:9:9-38
		INJECTED from src/main/AndroidManifest.xml
		INJECTED from src/main/AndroidManifest.xml
	android:minSdkVersion
		ADDED from src/main/AndroidManifest.xml:8:9-35
		INJECTED from src/main/AndroidManifest.xml
		INJECTED from src/main/AndroidManifest.xml
uses-permission#android.permission.BLUETOOTH
ADDED from src/main/AndroidManifest.xml:11:5-68
	android:name
		ADDED from src/main/AndroidManifest.xml:11:22-65
uses-permission#android.permission.BLUETOOTH_ADMIN
ADDED from src/main/AndroidManifest.xml:12:5-74
	android:name
		ADDED from src/main/AndroidManifest.xml:12:22-71
supports-screens
ADDED from src/main/AndroidManifest.xml:14:5-19:39
	android:largeScreens
		ADDED from src/main/AndroidManifest.xml:16:9-36
	android:smallScreens
		ADDED from src/main/AndroidManifest.xml:19:9-36
	android:normalScreens
		ADDED from src/main/AndroidManifest.xml:17:9-37
	android:resizeable
		ADDED from src/main/AndroidManifest.xml:18:9-34
	android:anyDensity
		ADDED from src/main/AndroidManifest.xml:15:9-34
uses-permission#android.permission.VIBRATE
ADDED from src/main/AndroidManifest.xml:21:5-66
	android:name
		ADDED from src/main/AndroidManifest.xml:21:22-63
android:uses-permission#android.permission.WRITE_EXTERNAL_STORAGE
ADDED from src/main/AndroidManifest.xml:23:5-89
	android:name
		ADDED from src/main/AndroidManifest.xml:23:30-86
android:uses-permission#android.permission.READ_PHONE_STATE
ADDED from src/main/AndroidManifest.xml:24:5-83
	android:name
		ADDED from src/main/AndroidManifest.xml:24:30-80
android:uses-permission#android.permission.READ_EXTERNAL_STORAGE
ADDED from src/main/AndroidManifest.xml:25:5-88
	android:name
		ADDED from src/main/AndroidManifest.xml:25:30-85
application
ADDED from src/main/AndroidManifest.xml:27:5-57:19
	android:label
		ADDED from src/main/AndroidManifest.xml:30:9-41
	android:allowBackup
		ADDED from src/main/AndroidManifest.xml:28:9-35
	android:icon
		ADDED from src/main/AndroidManifest.xml:29:9-38
	android:theme
		ADDED from src/main/AndroidManifest.xml:32:9-40
activity#net.flyget.bluetoothchat.activity.Splash
ADDED from src/main/AndroidManifest.xml:33:9-44:20
	android:screenOrientation
		ADDED from src/main/AndroidManifest.xml:37:13-49
	android:label
		ADDED from src/main/AndroidManifest.xml:35:13-45
	android:launchMode
		ADDED from src/main/AndroidManifest.xml:36:13-44
	android:windowSoftInputMode
		ADDED from src/main/AndroidManifest.xml:38:13-52
	android:name
		ADDED from src/main/AndroidManifest.xml:34:13-44
intent-filter#android.intent.action.MAIN+android.intent.category.LAUNCHER
ADDED from src/main/AndroidManifest.xml:39:13-43:29
action#android.intent.action.MAIN
ADDED from src/main/AndroidManifest.xml:40:17-69
	android:name
		ADDED from src/main/AndroidManifest.xml:40:25-66
category#android.intent.category.LAUNCHER
ADDED from src/main/AndroidManifest.xml:42:17-77
	android:name
		ADDED from src/main/AndroidManifest.xml:42:27-74
activity#net.flyget.bluetoothchat.activity.AboutActivity
ADDED from src/main/AndroidManifest.xml:45:9-48:61
	android:screenOrientation
		ADDED from src/main/AndroidManifest.xml:48:13-49
	android:name
		ADDED from src/main/AndroidManifest.xml:47:13-51
service#net.flyget.bluetoothchat.task.TaskService
ADDED from src/main/AndroidManifest.xml:50:9-61
	android:name
		ADDED from src/main/AndroidManifest.xml:50:18-50
activity#net.flyget.bluetoothchat.activity.SelectDevice
ADDED from src/main/AndroidManifest.xml:52:9-55:61
	android:screenOrientation
		ADDED from src/main/AndroidManifest.xml:55:13-49
	android:name
		ADDED from src/main/AndroidManifest.xml:54:13-50
activity#net.flyget.bluetoothchat.activity.MainActivity
ADDED from src/main/AndroidManifest.xml:56:9-68
	android:name
		ADDED from src/main/AndroidManifest.xml:56:19-56